<?xml version="1.0" encoding="UTF-8"?>
<testng-results ignored="0" total="1" passed="1" failed="0" skipped="0">
  <reporter-output>
  </reporter-output>
  <suite started-at="2022-05-01T13:44:17Z" name="Default suite" finished-at="2022-05-01T13:44:30Z" duration-ms="12457">
    <groups>
    </groups>
    <test started-at="2022-05-01T13:44:17Z" name="Default test" finished-at="2022-05-01T13:44:30Z" duration-ms="12457">
      <class name="com.eBanking.testCases.TC_LoginTest_001">
        <test-method is-config="true" signature="setup()[pri:0, instance:com.eBanking.testCases.TC_LoginTest_001@7f485fda]" started-at="2022-05-01T13:44:17Z" name="setup" finished-at="2022-05-01T13:44:22Z" duration-ms="4667" status="PASS">
          <reporter-output>
          </reporter-output>
        </test-method> <!-- setup -->
        <test-method signature="loginTest()[pri:0, instance:com.eBanking.testCases.TC_LoginTest_001@7f485fda]" started-at="2022-05-01T13:44:22Z" name="loginTest" finished-at="2022-05-01T13:44:29Z" duration-ms="7514" status="PASS">
          <reporter-output>
          </reporter-output>
        </test-method> <!-- loginTest -->
        <test-method is-config="true" signature="tearDown()[pri:0, instance:com.eBanking.testCases.TC_LoginTest_001@7f485fda]" started-at="2022-05-01T13:44:29Z" name="tearDown" finished-at="2022-05-01T13:44:30Z" duration-ms="244" status="PASS">
          <reporter-output>
          </reporter-output>
        </test-method> <!-- tearDown -->
      </class> <!-- com.eBanking.testCases.TC_LoginTest_001 -->
    </test> <!-- Default test -->
  </suite> <!-- Default suite -->
</testng-results>
